
> seabattle-game@1.0.0 test:coverage
> jest --coverage

--------------|---------|----------|---------|---------|-------------------------------------------------------------------------------------------
File          | % Stmts | % Branch | % Funcs | % Lines | Uncovered Line #s                                                                         
--------------|---------|----------|---------|---------|-------------------------------------------------------------------------------------------
All files     |   79.48 |    69.23 |    91.3 |   78.73 |                                                                                           
 seabattle.js |   79.48 |    69.23 |    91.3 |   78.73 | 24,64,129-130,134-135,153,225-227,265-272,281,299-303,331,341-344,347-350,355-371,377-384 
--------------|---------|----------|---------|---------|-------------------------------------------------------------------------------------------
