
> seabattle-game@1.0.0 test
> jest --coverage

--------------|---------|----------|---------|---------|------------------------------------------------------------------------
File          | % Stmts | % Branch | % Funcs | % Lines | Uncovered Line #s                                                      
--------------|---------|----------|---------|---------|------------------------------------------------------------------------
All files     |      82 |    72.52 |      96 |   81.41 |                                                                        
 seabattle.js |      82 |    72.52 |      96 |   81.41 | 24,129-130,236-238,276-283,310-314,342,352-355,358-361,366-382,388-395 
--------------|---------|----------|---------|---------|------------------------------------------------------------------------
