
> type-safe-validator@1.0.0 test:coverage
> jest --coverage

-----------|---------|----------|---------|---------|-------------------
File       | % Stmts | % Branch | % Funcs | % Lines | Uncovered Line #s 
-----------|---------|----------|---------|---------|-------------------
All files  |   99.33 |    97.36 |     100 |   99.33 |                   
 schema.ts |   99.33 |    97.36 |     100 |   99.33 | 343               
-----------|---------|----------|---------|---------|-------------------
